d:\project\game_engines\sdl2_template\game_engine\debug\game_engine.pdb
d:\project\game_engines\sdl2_template\game_engine\debug\game_engine.idb
d:\project\game_engines\sdl2_template\game_engine\debug\window.obj
d:\project\game_engines\sdl2_template\game_engine\debug\timing.obj
d:\project\game_engines\sdl2_template\game_engine\debug\texturecache.obj
d:\project\game_engines\sdl2_template\game_engine\debug\spritebatch.obj
d:\project\game_engines\sdl2_template\game_engine\debug\sprite.obj
d:\project\game_engines\sdl2_template\game_engine\debug\resourcemanager.obj
d:\project\game_engines\sdl2_template\game_engine\debug\picopng.obj
d:\project\game_engines\sdl2_template\game_engine\debug\iomanager.obj
d:\project\game_engines\sdl2_template\game_engine\debug\inputmanager.obj
d:\project\game_engines\sdl2_template\game_engine\debug\imageloader.obj
d:\project\game_engines\sdl2_template\game_engine\debug\glslprogram.obj
d:\project\game_engines\sdl2_template\game_engine\debug\game_engine.obj
d:\project\game_engines\sdl2_template\game_engine\debug\errors.obj
d:\project\game_engines\sdl2_template\game_engine\debug\camera2d.obj
d:\project\game_engines\sdl2_template\debug\game_engine.lib
d:\project\game_engines\sdl2_template\debug\game_engine.pdb
d:\project\game_engines\sdl2_template\game_engine\debug\game_engine.tlog\cl.command.1.tlog
d:\project\game_engines\sdl2_template\game_engine\debug\game_engine.tlog\cl.read.1.tlog
d:\project\game_engines\sdl2_template\game_engine\debug\game_engine.tlog\cl.write.1.tlog
d:\project\game_engines\sdl2_template\game_engine\debug\game_engine.tlog\lib-link.read.1.tlog
d:\project\game_engines\sdl2_template\game_engine\debug\game_engine.tlog\lib-link.write.1.tlog
d:\project\game_engines\sdl2_template\game_engine\debug\game_engine.tlog\lib.command.1.tlog
